info it worked if it ends with ok
verbose cli [ 'node', '/usr/bin/npm', 'install', 'vim' ]
info using npm@1.1.4
info using node@v0.6.12
verbose config file /home/macgeekalex/.npmrc
verbose config file /usr/etc/npmrc
verbose config file /usr/share/npm/npmrc
verbose caching /home/macgeekalex/Node/node_modules/restler/package.json
WARN csv@0.3.3 package.json: bugs['name'] should probably be bugs['url']
verbose caching /home/macgeekalex/Node/node_modules/csv/package.json
verbose caching /home/macgeekalex/Node/node_modules/accounting/package.json
verbose cache add [ 'vim', null ]
silly cache add: name, spec, args [ undefined, 'vim', [ 'vim', null ] ]
verbose parsed url { pathname: 'vim', path: 'vim', href: 'vim' }
verbose addNamed [ 'vim', '' ]
verbose addNamed [ null, '' ]
silly name, range, hasData [ 'vim', '', false ]
verbose raw, before any munging vim
verbose url resolving [ 'https://registry.npmjs.org/', './vim' ]
verbose url resolved https://registry.npmjs.org/vim
http GET https://registry.npmjs.org/vim
http 404 https://registry.npmjs.org/vim
silly get cb [ 404,
silly get cb   { server: 'CouchDB/1.3.1 (Erlang OTP/R15B03)',
silly get cb     date: 'Mon, 26 Aug 2013 03:03:24 GMT',
silly get cb     'content-type': 'application/json',
silly get cb     'content-length': '52',
silly get cb     'cache-control': 'must-revalidate' } ]
ERR! 404 'vim' is not in the npm registry.
ERR! 404 You should bug the author to publish it
ERR! 404 Note that you can also install from a
ERR! 404 tarball, folder, or http url, or git url.
ERR! 
ERR! System Linux 3.4.0
ERR! command "node" "/usr/bin/npm" "install" "vim"
ERR! cwd /home/macgeekalex/Node/beginner
ERR! node -v v0.6.12
ERR! npm -v 1.1.4
ERR! code E404
ERR! message 404 Not Found: vim
ERR! errno {}
verbose exit [ 1, true ]
