new,InitialChunk,0x3a000000,16777216
new,MemoryChunk,0x2b100000,1048576
new,MemoryChunk,0x4a300000,1048576
new,MemoryChunk,0x46200000,1048576
new,MemoryChunk,0x42e00000,1048576
new,MemoryChunk,0x27200000,33824
heap-capacity,5111296
heap-available,1015092
new,MemoryChunk,0x74b00000,1048576
check-maps-depth,2
check-maps-depth,1
check-maps-depth,1
check-maps-depth,1
check-maps-depth,1
check-maps-depth,1
check-maps-depth,1
check-maps-depth,1
check-maps-depth,3
check-maps-depth,3
check-maps-depth,1
check-maps-depth,1
check-maps-depth,1
check-maps-depth,1
check-maps-depth,1
check-maps-depth,1
check-maps-depth,1
check-maps-depth,1
new,MemoryChunk,0x33800000,33856
new,MemoryChunk,0x74a00000,99080
new,MemoryChunk,0x47800000,99080
check-maps-depth,1
check-maps-depth,1
check-maps-depth,1
check-maps-depth,1
check-maps-depth,1
check-maps-depth,2
check-maps-depth,2
check-maps-depth,1
check-maps-depth,1
check-maps-depth,1
check-maps-depth,1
check-maps-depth,1
check-maps-depth,1
check-maps-depth,1
check-maps-depth,1
check-maps-depth,2
check-maps-depth,1
check-maps-depth,1
check-maps-depth,1
check-maps-depth,1
check-maps-depth,2
check-maps-depth,1
check-maps-depth,2
check-maps-depth,1
check-maps-depth,2
check-maps-depth,1
check-maps-depth,2
check-maps-depth,1
check-maps-depth,1
check-maps-depth,2
check-maps-depth,1
check-maps-depth,2
check-maps-depth,1
check-maps-depth,1
check-maps-depth,1
check-maps-depth,1
check-maps-depth,2
check-maps-depth,2
check-maps-depth,2
check-maps-depth,1
check-maps-depth,2
check-maps-depth,1
check-maps-depth,2
check-maps-depth,1
check-maps-depth,2
check-maps-depth,1
check-maps-depth,1
check-maps-depth,1
check-maps-depth,1
check-maps-depth,1
check-maps-depth,1
check-maps-depth,1
check-maps-depth,1
check-maps-depth,2
check-maps-depth,1
check-maps-depth,1
check-maps-depth,1
check-maps-depth,2
check-maps-depth,1
check-maps-depth,1
check-maps-depth,1
check-maps-depth,1
check-maps-depth,1
check-maps-depth,1
check-maps-depth,1
check-maps-depth,1
check-maps-depth,1
check-maps-depth,1
check-maps-depth,2
check-maps-depth,1
check-maps-depth,1
check-maps-depth,1
check-maps-depth,1
check-maps-depth,2
check-maps-depth,1
check-maps-depth,2
check-maps-depth,1
check-maps-depth,2
check-maps-depth,1
check-maps-depth,2
check-maps-depth,1
check-maps-depth,1
check-maps-depth,1
check-maps-depth,1
new,MemoryChunk,0x58600000,32992
new,MemoryChunk,0x2fd00000,32992
check-maps-depth,1
check-maps-depth,1
check-maps-depth,2
check-maps-depth,1
check-maps-depth,1
check-maps-depth,1
check-maps-depth,1
check-maps-depth,1
check-maps-depth,1
check-maps-depth,2
check-maps-depth,2
check-maps-depth,1
check-maps-depth,1
check-maps-depth,2
check-maps-depth,1
check-maps-depth,2
check-maps-depth,1
check-maps-depth,1
check-maps-depth,2
check-maps-depth,1
check-maps-depth,2
check-maps-depth,1
check-maps-depth,1
check-maps-depth,2
check-maps-depth,2
check-maps-depth,1
check-maps-depth,1
check-maps-depth,5
check-maps-depth,1
check-maps-depth,2
check-maps-depth,1
check-maps-depth,1
check-maps-depth,3
check-maps-depth,1
check-maps-depth,1
check-maps-depth,1
check-maps-depth,1
check-maps-depth,1
check-maps-depth,1
check-maps-depth,4
check-maps-depth,3
check-maps-depth,1
check-maps-depth,1
check-maps-depth,1
check-maps-depth,1
check-maps-depth,1
check-maps-depth,1
check-maps-depth,1
check-maps-depth,1
check-maps-depth,1
check-maps-depth,2
check-maps-depth,1
check-maps-depth,1
check-maps-depth,1
check-maps-depth,1
check-maps-depth,1
check-maps-depth,1
check-maps-depth,1
check-maps-depth,2
check-maps-depth,1
check-maps-depth,1
check-maps-depth,1
check-maps-depth,1
check-maps-depth,6
check-maps-depth,3
check-maps-depth,1
check-maps-depth,1
check-maps-depth,2
check-maps-depth,1
check-maps-depth,1
check-maps-depth,1
check-maps-depth,3
check-maps-depth,1
check-maps-depth,1
check-maps-depth,1
check-maps-depth,6
check-maps-depth,1
check-maps-depth,1
check-maps-depth,5
check-maps-depth,1
check-maps-depth,1
check-maps-depth,1
check-maps-depth,2
check-maps-depth,1
check-maps-depth,1
check-maps-depth,1
check-maps-depth,5
check-maps-depth,2
check-maps-depth,2
check-maps-depth,2
check-maps-depth,1
check-maps-depth,1
check-maps-depth,2
check-maps-depth,1
check-maps-depth,2
check-maps-depth,2
check-maps-depth,2
check-maps-depth,1
check-maps-depth,1
check-maps-depth,2
check-maps-depth,1
check-maps-depth,1
check-maps-depth,1
check-maps-depth,1
check-maps-depth,1
check-maps-depth,1
check-maps-depth,2
check-maps-depth,1
check-maps-depth,1
check-maps-depth,6
check-maps-depth,1
delete,MemoryChunk,0x74a00000
delete,MemoryChunk,0x47800000
delete,InitialChunk,0x3a000000
delete,MemoryChunk,0x46200000
delete,MemoryChunk,0x4a300000
delete,MemoryChunk,0x42e00000
delete,MemoryChunk,0x2b100000
delete,MemoryChunk,0x74b00000
delete,LargeObjectChunk,0x2fd00000
delete,MemoryChunk,0x2fd00000
delete,LargeObjectChunk,0x58600000
delete,MemoryChunk,0x58600000
delete,LargeObjectChunk,0x33800000
delete,MemoryChunk,0x33800000
delete,LargeObjectChunk,0x27200000
delete,MemoryChunk,0x27200000
